#
# There is insufficient memory for the Java Runtime Environment to continue.
# Native memory allocation (malloc) failed to allocate 32744 bytes for ChunkPool::allocate
# Possible reasons:
#   The system is out of physical RAM or swap space
#   The process is running with CompressedOops enabled, and the Java Heap may be blocking the growth of the native heap
# Possible solutions:
#   Reduce memory load on the system
#   Increase physical memory or swap space
#   Check if swap backing store is full
#   Decrease Java heap size (-Xmx/-Xms)
#   Decrease number of Java threads
#   Decrease Java thread stack sizes (-Xss)
#   Set larger code cache with -XX:ReservedCodeCacheSize=
#   JVM is running with Unscaled Compressed Oops mode in which the Java heap is
#     placed in the first 4GB address space. The Java Heap base address is the
#     maximum limit for the native heap growth. Please use -XX:HeapBaseMinAddress
#     to set the Java Heap base and to place the Java Heap above 4GB virtual address.
# This output file may be truncated or incomplete.
#
#  Out of Memory Error (arena.cpp:79), pid=12568, tid=23452
#
# JRE version: OpenJDK Runtime Environment Temurin-17.0.9+9 (17.0.9+9) (build 17.0.9+9)
# Java VM: OpenJDK 64-Bit Server VM Temurin-17.0.9+9 (17.0.9+9, mixed mode, tiered, compressed oops, compressed class ptrs, parallel gc, windows-amd64)
# No core dump will be written. Minidumps are not enabled by default on client versions of Windows
#

---------------  S U M M A R Y ------------

Command Line: --add-modules=ALL-SYSTEM --add-opens=java.base/java.util=ALL-UNNAMED --add-opens=java.base/java.lang=ALL-UNNAMED --add-opens=java.base/sun.nio.fs=ALL-UNNAMED -Declipse.application=org.eclipse.jdt.ls.core.id1 -Dosgi.bundles.defaultStartLevel=4 -Declipse.product=org.eclipse.jdt.ls.core.product -Djava.import.generatesMetadataFilesAtProjectRoot=false -DDetectVMInstallationsJob.disabled=true -Dfile.encoding=utf8 -XX:+UseParallelGC -XX:GCTimeRatio=4 -XX:AdaptiveSizePolicyWeight=90 -Dsun.zip.disableMemoryMapping=true -Xmx1G -Xms100m -Xlog:disable -javaagent:c:\Users\asus\.vscode\extensions\redhat.java-1.25.1-win32-x64\lombok\lombok-1.18.30.jar -XX:+HeapDumpOnOutOfMemoryError -XX:HeapDumpPath=c:\Users\asus\AppData\Roaming\Code\User\workspaceStorage\e052ef2cafdd40a97611dc4512488007\redhat.java -Daether.dependencyCollector.impl=bf c:\Users\asus\.vscode\extensions\redhat.java-1.25.1-win32-x64\server\plugins\org.eclipse.equinox.launcher_1.6.600.v20231106-1826.jar -configuration c:\Users\asus\AppData\Roaming\Code\User\globalStorage\redhat.java\1.25.1\config_win -data c:\Users\asus\AppData\Roaming\Code\User\workspaceStorage\e052ef2cafdd40a97611dc4512488007\redhat.java\jdt_ws --stdio

Host: 12th Gen Intel(R) Core(TM) i7-12700H, 20 cores, 31G,  Windows 11 , 64 bit Build 22621 (10.0.22621.2506)
Time: Tue Dec 26 22:46:36 2023 Hora est. Pacífico, Sudamérica elapsed time: 0.084141 seconds (0d 0h 0m 0s)

---------------  T H R E A D  ---------------

Current thread (0x0000025246639590):  JavaThread "C1 CompilerThread2" daemon [_thread_in_native, id=23452, stack(0x0000006529c00000,0x0000006529d00000)]


Current CompileTask:
C1:     84  177       3       java.lang.AbstractStringBuilder::putStringAt (34 bytes)

Stack: [0x0000006529c00000,0x0000006529d00000]
Native frames: (J=compiled Java code, j=interpreted, Vv=VM code, C=native code)
V  [jvm.dll+0x67cf49]
V  [jvm.dll+0x83478a]
V  [jvm.dll+0x83624e]
V  [jvm.dll+0x8368b3]
V  [jvm.dll+0x247f1f]
V  [jvm.dll+0xac65c]
V  [jvm.dll+0xaca8c]
V  [jvm.dll+0x24a1b0]
V  [jvm.dll+0x135d42]
V  [jvm.dll+0x1352ea]
V  [jvm.dll+0x136fa1]
V  [jvm.dll+0x2297ae]
V  [jvm.dll+0x22797c]
V  [jvm.dll+0x7e9877]
V  [jvm.dll+0x7e3c3a]
V  [jvm.dll+0x67be35]
C  [ucrtbase.dll+0x29363]
C  [KERNEL32.DLL+0x1257d]
C  [ntdll.dll+0x5aa58]


---------------  P R O C E S S  ---------------

Threads class SMR info:
_java_thread_list=0x00000252464acc70, length=16, elements={
0x000002522d40ecf0, 0x0000025241295020, 0x000002522d4b9fc0, 0x0000025246488b30,
0x00000252464a35e0, 0x00000252464a4370, 0x00000252464a84a0, 0x00000252464ab160,
0x00000252464b8310, 0x00000252464c0c10, 0x000002522d46f150, 0x0000025246638060,
0x0000025246639590, 0x0000025246639eb0, 0x000002524663aee0, 0x000002524663b4b0
}

Java Threads: ( => current thread )
  0x000002522d40ecf0 JavaThread "main" [_thread_in_vm, id=24232, stack(0x0000006528e00000,0x0000006528f00000)]
  0x0000025241295020 JavaThread "Reference Handler" daemon [_thread_blocked, id=28660, stack(0x0000006529100000,0x0000006529200000)]
  0x000002522d4b9fc0 JavaThread "Finalizer" daemon [_thread_blocked, id=25068, stack(0x0000006529200000,0x0000006529300000)]
  0x0000025246488b30 JavaThread "Signal Dispatcher" daemon [_thread_blocked, id=6580, stack(0x0000006529300000,0x0000006529400000)]
  0x00000252464a35e0 JavaThread "Attach Listener" daemon [_thread_blocked, id=21324, stack(0x0000006529400000,0x0000006529500000)]
  0x00000252464a4370 JavaThread "Service Thread" daemon [_thread_blocked, id=21308, stack(0x0000006529500000,0x0000006529600000)]
  0x00000252464a84a0 JavaThread "Monitor Deflation Thread" daemon [_thread_blocked, id=2892, stack(0x0000006529600000,0x0000006529700000)]
  0x00000252464ab160 JavaThread "C2 CompilerThread0" daemon [_thread_blocked, id=4380, stack(0x0000006529700000,0x0000006529800000)]
  0x00000252464b8310 JavaThread "C1 CompilerThread0" daemon [_thread_blocked, id=12248, stack(0x0000006529800000,0x0000006529900000)]
  0x00000252464c0c10 JavaThread "Sweeper thread" daemon [_thread_blocked, id=19536, stack(0x0000006529900000,0x0000006529a00000)]
  0x000002522d46f150 JavaThread "Common-Cleaner" daemon [_thread_blocked, id=12280, stack(0x0000006529a00000,0x0000006529b00000)]
  0x0000025246638060 JavaThread "C1 CompilerThread1" daemon [_thread_blocked, id=10192, stack(0x0000006529b00000,0x0000006529c00000)]
=>0x0000025246639590 JavaThread "C1 CompilerThread2" daemon [_thread_in_native, id=23452, stack(0x0000006529c00000,0x0000006529d00000)]
  0x0000025246639eb0 JavaThread "C1 CompilerThread3" daemon [_thread_blocked, id=22596, stack(0x0000006529d00000,0x0000006529e00000)]
  0x000002524663aee0 JavaThread "C2 CompilerThread1" daemon [_thread_blocked, id=22316, stack(0x0000006529e00000,0x0000006529f00000)]
  0x000002524663b4b0 JavaThread "C2 CompilerThread2" daemon [_thread_blocked, id=10676, stack(0x0000006529f00000,0x000000652a000000)]

Other Threads:
  0x000002522d497d50 VMThread "VM Thread" [stack: 0x0000006529000000,0x0000006529100000] [id=2528]
  0x000002522d423910 GCTaskThread "GC Thread#0" [stack: 0x0000006528f00000,0x0000006529000000] [id=8748]

Threads with active compile tasks:
C1 CompilerThread2       93  177       3       java.lang.AbstractStringBuilder::putStringAt (34 bytes)

VM state: not at safepoint (normal execution)

VM Mutex/Monitor currently owned by a thread: None

Heap address: 0x00000000c0000000, size: 1024 MB, Compressed Oops mode: 32-bit

CDS archive(s) not mapped
Compressed class space mapped at: 0x0000000100000000-0x0000000140000000, reserved size: 1073741824
Narrow klass base: 0x0000000000000000, Narrow klass shift: 3, Narrow klass range: 0x140000000

GC Precious Log:
 CPUs: 20 total, 20 available
 Memory: 32395M
 Large Page Support: Disabled
 NUMA Support: Disabled
 Compressed Oops: Enabled (32-bit)
 Alignments: Space 512K, Generation 512K, Heap 2M
 Heap Min Capacity: 100M
 Heap Initial Capacity: 100M
 Heap Max Capacity: 1G
 Pre-touch: Disabled
 Parallel Workers: 15

Heap:
 PSYoungGen      total 29696K, used 2560K [0x00000000eab00000, 0x00000000ecc00000, 0x0000000100000000)
  eden space 25600K, 10% used [0x00000000eab00000,0x00000000ead801b0,0x00000000ec400000)
  from space 4096K, 0% used [0x00000000ec800000,0x00000000ec800000,0x00000000ecc00000)
  to   space 4096K, 0% used [0x00000000ec400000,0x00000000ec400000,0x00000000ec800000)
 ParOldGen       total 68608K, used 0K [0x00000000c0000000, 0x00000000c4300000, 0x00000000eab00000)
  object space 68608K, 0% used [0x00000000c0000000,0x00000000c0000000,0x00000000c4300000)
 Metaspace       used 4381K, committed 4608K, reserved 1114112K
  class space    used 402K, committed 512K, reserved 1048576K

Card table byte_map: [0x000002522cda0000,0x000002522cfb0000] _byte_map_base: 0x000002522c7a0000

Marking Bits: (ParMarkBitMap*) 0x00007ff9b70cd0b0
 Begin Bits: [0x000002523f0a0000, 0x00000252400a0000)
 End Bits:   [0x00000252400a0000, 0x00000252410a0000)

Polling page: 0x000002522b390000

Metaspace:

Usage:
  Non-class:      3.89 MB used.
      Class:    402.73 KB used.
       Both:      4.28 MB used.

Virtual space:
  Non-class space:       64.00 MB reserved,       4.00 MB (  6%) committed,  1 nodes.
      Class space:        1.00 GB reserved,     512.00 KB ( <1%) committed,  1 nodes.
             Both:        1.06 GB reserved,       4.50 MB ( <1%) committed. 

Chunk freelists:
   Non-Class:  12.00 MB
       Class:  15.56 MB
        Both:  27.56 MB

MaxMetaspaceSize: unlimited
CompressedClassSpaceSize: 1.00 GB
Initial GC threshold: 21.00 MB
Current GC threshold: 21.00 MB
CDS: off
MetaspaceReclaimPolicy: balanced
 - commit_granule_bytes: 65536.
 - commit_granule_words: 8192.
 - virtual_space_node_default_size: 8388608.
 - enlarge_chunks_in_place: 1.
 - new_chunks_are_fully_committed: 0.
 - uncommit_free_chunks: 1.
 - use_allocation_guard: 0.
 - handle_deallocations: 1.


Internal statistics:

num_allocs_failed_limit: 0.
num_arena_births: 6.
num_arena_deaths: 0.
num_vsnodes_births: 2.
num_vsnodes_deaths: 0.
num_space_committed: 72.
num_space_uncommitted: 0.
num_chunks_returned_to_freelist: 0.
num_chunks_taken_from_freelist: 9.
num_chunk_merges: 0.
num_chunk_splits: 5.
num_chunks_enlarged: 2.
num_inconsistent_stats: 0.

CodeHeap 'non-profiled nmethods': size=119168Kb used=54Kb max_used=54Kb free=119113Kb
 bounds [0x0000025237c40000, 0x0000025237eb0000, 0x000002523f0a0000]
CodeHeap 'profiled nmethods': size=119104Kb used=204Kb max_used=204Kb free=118899Kb
 bounds [0x00000252300a0000, 0x0000025230310000, 0x00000252374f0000]
CodeHeap 'non-nmethods': size=7488Kb used=2757Kb max_used=2773Kb free=4730Kb
 bounds [0x00000252374f0000, 0x00000252377b0000, 0x0000025237c40000]
 total_blobs=517 nmethods=178 adapters=251
 compilation: enabled
              stopped_count=0, restarted_count=0
 full_count=0

Compilation events (20 events):
Event: 0.081 Thread 0x00000252464b8310  172       3       java.util.concurrent.ConcurrentHashMap::putIfAbsent (8 bytes)
Event: 0.081 Thread 0x0000025246639590  173       3       java.util.Optional::orElse (16 bytes)
Event: 0.081 Thread 0x00000252464ab160 nmethod 151 0x0000025237c4b510 code [0x0000025237c4b680, 0x0000025237c4b718]
Event: 0.081 Thread 0x0000025246639eb0 nmethod 170 0x00000252300d1090 code [0x00000252300d1240, 0x00000252300d14b8]
Event: 0.081 Thread 0x0000025246638060 nmethod 171 0x00000252300d1590 code [0x00000252300d1720, 0x00000252300d1858]
Event: 0.081 Thread 0x00000252464ab160  159       4       java.lang.module.ModuleDescriptor$Exports::isQualified (18 bytes)
Event: 0.081 Thread 0x00000252464b8310 nmethod 172 0x00000252300d1910 code [0x00000252300d1aa0, 0x00000252300d1be8]
Event: 0.081 Thread 0x0000025246639590 nmethod 173 0x00000252300d1c90 code [0x00000252300d1e20, 0x00000252300d1f98]
Event: 0.081 Thread 0x00000252464b8310  174       1       java.lang.module.ModuleDescriptor::packages (5 bytes)
Event: 0.081 Thread 0x00000252464b8310 nmethod 174 0x0000025237c4b810 code [0x0000025237c4b9a0, 0x0000025237c4ba78]
Event: 0.082 Thread 0x00000252464ab160 nmethod 159 0x0000025237c4bb10 code [0x0000025237c4bca0, 0x0000025237c4bd78]
Event: 0.082 Thread 0x00000252464ab160  163       4       java.lang.String::equals (56 bytes)
Event: 0.082 Thread 0x00000252464b8310  175       3       java.lang.module.ResolvedModule::name (11 bytes)
Event: 0.082 Thread 0x00000252464b8310 nmethod 175 0x00000252300d2010 code [0x00000252300d21a0, 0x00000252300d22f8]
Event: 0.082 Thread 0x00000252464b8310  176       3       java.lang.AbstractStringBuilder::putStringAt (12 bytes)
Event: 0.082 Thread 0x0000025246638060  178       3       java.lang.AbstractStringBuilder::getCoder (15 bytes)
Event: 0.082 Thread 0x0000025246639590  177       3       java.lang.AbstractStringBuilder::putStringAt (34 bytes)
Event: 0.082 Thread 0x0000025246639eb0  179       3       java.lang.String::getBytes (46 bytes)
Event: 0.082 Thread 0x0000025246638060 nmethod 178 0x00000252300d2410 code [0x00000252300d25a0, 0x00000252300d26d8]
Event: 0.082 Thread 0x00000252464b8310 nmethod 176 0x00000252300d2790 code [0x00000252300d2940, 0x00000252300d2b88]

GC Heap History (0 events):
No events

Dll operation events (1 events):
Event: 0.008 Loaded shared library c:\Users\asus\.vscode\extensions\redhat.java-1.25.1-win32-x64\jre\17.0.9-win32-x86_64\bin\java.dll

Deoptimization events (0 events):
No events

Classes unloaded (0 events):
No events

Classes redefined (0 events):
No events

Internal exceptions (1 events):
Event: 0.074 Thread 0x000002522d40ecf0 Exception <a 'java/lang/NoSuchMethodError'{0x00000000eacb37b8}: 'void java.lang.invoke.DirectMethodHandle$Holder.invokeStatic(java.lang.Object, java.lang.Object, java.lang.Object)'> (0x00000000eacb37b8) 
thrown [s\src\hotspot\share\interpreter\linkResolver.cpp, line 759]

VM Operations (2 events):
Event: 0.076 Executing VM operation: HandshakeAllThreads
Event: 0.076 Executing VM operation: HandshakeAllThreads done

Events (20 events):
Event: 0.076 loading class java/util/HashMap$ValueIterator
Event: 0.076 loading class java/util/HashMap$ValueIterator done
Event: 0.076 loading class java/util/LinkedHashSet
Event: 0.076 loading class java/util/LinkedHashSet done
Event: 0.076 loading class java/util/LinkedHashMap
Event: 0.076 loading class java/util/LinkedHashMap done
Event: 0.076 loading class java/util/Collections$UnmodifiableCollection$1
Event: 0.076 loading class java/util/Collections$UnmodifiableCollection$1 done
Event: 0.076 loading class java/lang/module/ResolvedModule
Event: 0.076 loading class java/lang/module/ResolvedModule done
Event: 0.077 Thread 0x0000025246639590 Thread added: 0x0000025246639590
Event: 0.077 Thread 0x0000025246639eb0 Thread added: 0x0000025246639eb0
Event: 0.080 loading class jdk/internal/module/ModuleLoaderMap
Event: 0.080 Thread 0x000002524663aee0 Thread added: 0x000002524663aee0
Event: 0.080 loading class jdk/internal/module/ModuleLoaderMap done
Event: 0.080 Thread 0x000002524663b4b0 Thread added: 0x000002524663b4b0
Event: 0.080 loading class jdk/internal/module/ModuleLoaderMap$Mapper
Event: 0.081 loading class jdk/internal/module/ModuleLoaderMap$Mapper done
Event: 0.081 loading class jdk/internal/module/ModuleLoaderMap$Modules
Event: 0.081 loading class jdk/internal/module/ModuleLoaderMap$Modules done


Dynamic libraries:
0x00007ff76c220000 - 0x00007ff76c22e000 	c:\Users\asus\.vscode\extensions\redhat.java-1.25.1-win32-x64\jre\17.0.9-win32-x86_64\bin\java.exe
0x00007ffa336b0000 - 0x00007ffa338c7000 	C:\Windows\SYSTEM32\ntdll.dll
0x00007ffa31c70000 - 0x00007ffa31d34000 	C:\Windows\System32\KERNEL32.DLL
0x00007ffa30be0000 - 0x00007ffa30f86000 	C:\Windows\System32\KERNELBASE.dll
0x00007ffa310c0000 - 0x00007ffa311d1000 	C:\Windows\System32\ucrtbase.dll
0x00007ffa1cf00000 - 0x00007ffa1cf17000 	c:\Users\asus\.vscode\extensions\redhat.java-1.25.1-win32-x64\jre\17.0.9-win32-x86_64\bin\jli.dll
0x00007ffa19810000 - 0x00007ffa1982b000 	c:\Users\asus\.vscode\extensions\redhat.java-1.25.1-win32-x64\jre\17.0.9-win32-x86_64\bin\VCRUNTIME140.dll
0x00007ffa31a70000 - 0x00007ffa31c1e000 	C:\Windows\System32\USER32.dll
0x00007ffa30a90000 - 0x00007ffa30ab6000 	C:\Windows\System32\win32u.dll
0x00007ffa327c0000 - 0x00007ffa327e9000 	C:\Windows\System32\GDI32.dll
0x00007ffa25430000 - 0x00007ffa256c3000 	C:\Windows\WinSxS\amd64_microsoft.windows.common-controls_6595b64144ccf1df_6.0.22621.2506_none_270c5ae97388e100\COMCTL32.dll
0x00007ffa30ac0000 - 0x00007ffa30bd8000 	C:\Windows\System32\gdi32full.dll
0x00007ffa32f00000 - 0x00007ffa32fa7000 	C:\Windows\System32\msvcrt.dll
0x00007ffa309f0000 - 0x00007ffa30a8a000 	C:\Windows\System32\msvcp_win.dll
0x00007ffa32eb0000 - 0x00007ffa32ee1000 	C:\Windows\System32\IMM32.DLL
0x00007ffa1f910000 - 0x00007ffa1f91c000 	c:\Users\asus\.vscode\extensions\redhat.java-1.25.1-win32-x64\jre\17.0.9-win32-x86_64\bin\vcruntime140_1.dll
0x00007ff9eab80000 - 0x00007ff9eac0d000 	c:\Users\asus\.vscode\extensions\redhat.java-1.25.1-win32-x64\jre\17.0.9-win32-x86_64\bin\msvcp140.dll
0x00007ff9b6530000 - 0x00007ff9b7191000 	c:\Users\asus\.vscode\extensions\redhat.java-1.25.1-win32-x64\jre\17.0.9-win32-x86_64\bin\server\jvm.dll
0x00007ffa32b40000 - 0x00007ffa32bf1000 	C:\Windows\System32\ADVAPI32.dll
0x00007ffa33470000 - 0x00007ffa33515000 	C:\Windows\System32\sechost.dll
0x00007ffa33520000 - 0x00007ffa33637000 	C:\Windows\System32\RPCRT4.dll
0x00007ffa0e720000 - 0x00007ffa0e729000 	C:\Windows\SYSTEM32\WSOCK32.dll
0x00007ffa33060000 - 0x00007ffa330d1000 	C:\Windows\System32\WS2_32.dll
0x00007ffa2f840000 - 0x00007ffa2f88d000 	C:\Windows\SYSTEM32\POWRPROF.dll
0x00007ffa27cf0000 - 0x00007ffa27d24000 	C:\Windows\SYSTEM32\WINMM.dll
0x00007ffa20e70000 - 0x00007ffa20e7a000 	C:\Windows\SYSTEM32\VERSION.dll
0x00007ffa2f820000 - 0x00007ffa2f833000 	C:\Windows\SYSTEM32\UMPDC.dll
0x00007ffa2fa80000 - 0x00007ffa2fa98000 	C:\Windows\SYSTEM32\kernel.appcore.dll
0x00007ffa1f370000 - 0x00007ffa1f37a000 	c:\Users\asus\.vscode\extensions\redhat.java-1.25.1-win32-x64\jre\17.0.9-win32-x86_64\bin\jimage.dll
0x00007ffa2e1f0000 - 0x00007ffa2e423000 	C:\Windows\SYSTEM32\DBGHELP.DLL
0x00007ffa330e0000 - 0x00007ffa33469000 	C:\Windows\System32\combase.dll
0x00007ffa32a30000 - 0x00007ffa32b07000 	C:\Windows\System32\OLEAUT32.dll
0x00007ffa0b3f0000 - 0x00007ffa0b422000 	C:\Windows\SYSTEM32\dbgcore.DLL
0x00007ffa31350000 - 0x00007ffa313ca000 	C:\Windows\System32\bcryptPrimitives.dll
0x00007ffa1ed00000 - 0x00007ffa1ed0e000 	c:\Users\asus\.vscode\extensions\redhat.java-1.25.1-win32-x64\jre\17.0.9-win32-x86_64\bin\instrument.dll
0x00007ffa18f40000 - 0x00007ffa18f65000 	c:\Users\asus\.vscode\extensions\redhat.java-1.25.1-win32-x64\jre\17.0.9-win32-x86_64\bin\java.dll
0x00007ffa187c0000 - 0x00007ffa187d8000 	c:\Users\asus\.vscode\extensions\redhat.java-1.25.1-win32-x64\jre\17.0.9-win32-x86_64\bin\zip.dll
0x00007ffa31d40000 - 0x00007ffa3259a000 	C:\Windows\System32\SHELL32.dll
0x00007ffa2e8e0000 - 0x00007ffa2f1d6000 	C:\Windows\SYSTEM32\windows.storage.dll
0x00007ffa2e7a0000 - 0x00007ffa2e8de000 	C:\Windows\SYSTEM32\wintypes.dll
0x00007ffa31860000 - 0x00007ffa31953000 	C:\Windows\System32\SHCORE.dll
0x00007ffa31960000 - 0x00007ffa319be000 	C:\Windows\System32\shlwapi.dll
0x00007ffa30920000 - 0x00007ffa30946000 	C:\Windows\SYSTEM32\profapi.dll

dbghelp: loaded successfully - version: 4.0.5 - missing functions: none
symbol engine: initialized successfully - sym options: 0x614 - pdb path: .;c:\Users\asus\.vscode\extensions\redhat.java-1.25.1-win32-x64\jre\17.0.9-win32-x86_64\bin;C:\Windows\SYSTEM32;C:\Windows\WinSxS\amd64_microsoft.windows.common-controls_6595b64144ccf1df_6.0.22621.2506_none_270c5ae97388e100;c:\Users\asus\.vscode\extensions\redhat.java-1.25.1-win32-x64\jre\17.0.9-win32-x86_64\bin\server

VM Arguments:
jvm_args: --add-modules=ALL-SYSTEM --add-opens=java.base/java.util=ALL-UNNAMED --add-opens=java.base/java.lang=ALL-UNNAMED --add-opens=java.base/sun.nio.fs=ALL-UNNAMED -Declipse.application=org.eclipse.jdt.ls.core.id1 -Dosgi.bundles.defaultStartLevel=4 -Declipse.product=org.eclipse.jdt.ls.core.product -Djava.import.generatesMetadataFilesAtProjectRoot=false -DDetectVMInstallationsJob.disabled=true -Dfile.encoding=utf8 -XX:+UseParallelGC -XX:GCTimeRatio=4 -XX:AdaptiveSizePolicyWeight=90 -Dsun.zip.disableMemoryMapping=true -Xmx1G -Xms100m -Xlog:disable -javaagent:c:\Users\asus\.vscode\extensions\redhat.java-1.25.1-win32-x64\lombok\lombok-1.18.30.jar -XX:+HeapDumpOnOutOfMemoryError -XX:HeapDumpPath=c:\Users\asus\AppData\Roaming\Code\User\workspaceStorage\e052ef2cafdd40a97611dc4512488007\redhat.java -Daether.dependencyCollector.impl=bf 
java_command: c:\Users\asus\.vscode\extensions\redhat.java-1.25.1-win32-x64\server\plugins\org.eclipse.equinox.launcher_1.6.600.v20231106-1826.jar -configuration c:\Users\asus\AppData\Roaming\Code\User\globalStorage\redhat.java\1.25.1\config_win -data c:\Users\asus\AppData\Roaming\Code\User\workspaceStorage\e052ef2cafdd40a97611dc4512488007\redhat.java\jdt_ws --stdio
java_class_path (initial): c:\Users\asus\.vscode\extensions\redhat.java-1.25.1-win32-x64\server\plugins\org.eclipse.equinox.launcher_1.6.600.v20231106-1826.jar
Launcher Type: SUN_STANDARD

[Global flags]
    uintx AdaptiveSizePolicyWeight                 = 90                                        {product} {command line}
     intx CICompilerCount                          = 12                                        {product} {ergonomic}
    uintx GCTimeRatio                              = 4                                         {product} {command line}
     bool HeapDumpOnOutOfMemoryError               = true                                   {manageable} {command line}
    ccstr HeapDumpPath                             = c:\Users\asus\AppData\Roaming\Code\User\workspaceStorage\e052ef2cafdd40a97611dc4512488007\redhat.java         {manageable} {command line}
   size_t InitialHeapSize                          = 104857600                                 {product} {command line}
   size_t MaxHeapSize                              = 1073741824                                {product} {command line}
   size_t MaxNewSize                               = 357564416                                 {product} {ergonomic}
   size_t MinHeapDeltaBytes                        = 524288                                    {product} {ergonomic}
   size_t MinHeapSize                              = 104857600                                 {product} {command line}
   size_t NewSize                                  = 34603008                                  {product} {ergonomic}
    uintx NonNMethodCodeHeapSize                   = 7602480                                {pd product} {ergonomic}
    uintx NonProfiledCodeHeapSize                  = 122027880                              {pd product} {ergonomic}
   size_t OldSize                                  = 70254592                                  {product} {ergonomic}
    uintx ProfiledCodeHeapSize                     = 122027880                              {pd product} {ergonomic}
    uintx ReservedCodeCacheSize                    = 251658240                              {pd product} {ergonomic}
     bool SegmentedCodeCache                       = true                                      {product} {ergonomic}
   size_t SoftMaxHeapSize                          = 1073741824                             {manageable} {ergonomic}
     bool UseCompressedClassPointers               = true                           {product lp64_product} {ergonomic}
     bool UseCompressedOops                        = true                           {product lp64_product} {ergonomic}
     bool UseLargePagesIndividualAllocation        = false                                  {pd product} {ergonomic}
     bool UseParallelGC                            = true                                      {product} {command line}

Logging:
Log output configuration:
 #0: stdout all=off uptime,level,tags
 #1: stderr all=off uptime,level,tags

Environment Variables:
JAVA_HOME=C:\Program Files\Java\jdk-17
PATH=C:\Program Files\NVIDIA GPU Computing Toolkit\CUDA\v12.3\bin;C:\Program Files\NVIDIA GPU Computing Toolkit\CUDA\v12.3\libnvvp;C:\Python312\Scripts\;C:\Python312\;C:\Program Files\Java\jdk-17\bin;C:\Windows\system32;C:\Windows;C:\Windows\System32\Wbem;C:\Windows\System32\WindowsPowerShell\v1.0\;C:\Windows\System32\OpenSSH\;C:\Program Files (x86)\NVIDIA Corporation\PhysX\Common;C:\Program Files\NVIDIA Corporation\NVIDIA NvDLISR;C:\Program Files\dotnet\;C:\Program Files\Git\cmd;C:\Program Files\nodejs\;C:\ProgramData\chocolatey\bin;C:\Program Files (x86)\Microsoft SQL Server\160\Tools\Binn\;C:\Program Files\Microsoft SQL Server\160\Tools\Binn\;C:\Program Files\Microsoft SQL Server\Client SDK\ODBC\170\Tools\Binn\;C:\Program Files\Microsoft SQL Server\160\DTS\Binn\;C:\Program Files (x86)\Microsoft SQL Server\160\DTS\Binn\;C:\Program Files\Azure Data Studio\bin;C:\Program Files\NVIDIA Corporation\Nsight Compute 2023.3.1\;C:\xampp\php;C:\composer;C:\Apache\Maven\apache-maven-3.9.6\bin;C:\Program Files\Java\jdk-17\bin;C:\Users\asus\AppData\Local\Microsoft\WindowsApps;C:\Users\asus\AppData\Local\Programs\Microsoft VS Code\bin;C:\Users\asus\AppData\Roaming\npm;C:\Program Files\Azure Data Studio\bin;C:\Users\asus\AppData\Roaming\Composer\vendor\bin;C:\Users\asus\.dotnet\tools
USERNAME=asus
OS=Windows_NT
PROCESSOR_IDENTIFIER=Intel64 Family 6 Model 154 Stepping 3, GenuineIntel
TMP=C:\Users\asus\AppData\Local\Temp
TEMP=C:\Users\asus\AppData\Local\Temp



Periodic native trim disabled


---------------  S Y S T E M  ---------------

OS:
 Windows 11 , 64 bit Build 22621 (10.0.22621.2506)
OS uptime: 1 days 23:16 hours
Hyper-V role detected

CPU: total 20 (initial active 20) (10 cores per cpu, 2 threads per core) family 6 model 154 stepping 3 microcode 0x421, cx8, cmov, fxsr, ht, mmx, 3dnowpref, sse, sse2, sse3, ssse3, sse4.1, sse4.2, popcnt, lzcnt, tsc, tscinvbit, avx, avx2, aes, erms, clmul, bmi1, bmi2, adx, sha, fma, vzeroupper, clflush, clflushopt, clwb, hv
Processor Information for all 20 processors :
  Max Mhz: 2300, Current Mhz: 2300, Mhz Limit: 2300

Memory: 4k page, system-wide physical 32395M (17998M free)
TotalPageFile size 130699M (AvailPageFile size 5M)
current process WorkingSet (physical memory assigned to process): 31M, peak: 31M
current process commit charge ("private bytes"): 207M, peak: 207M

vm_info: OpenJDK 64-Bit Server VM (17.0.9+9) for windows-amd64 JRE (17.0.9+9), built on Oct 26 2023 14:01:42 by "admin" with MS VC++ 16.10 / 16.11 (VS2019)

END.
