#
# There is insufficient memory for the Java Runtime Environment to continue.
# Native memory allocation (malloc) failed to allocate 454272 bytes for Chunk::new
# Possible reasons:
#   The system is out of physical RAM or swap space
#   The process is running with CompressedOops enabled, and the Java Heap may be blocking the growth of the native heap
# Possible solutions:
#   Reduce memory load on the system
#   Increase physical memory or swap space
#   Check if swap backing store is full
#   Decrease Java heap size (-Xmx/-Xms)
#   Decrease number of Java threads
#   Decrease Java thread stack sizes (-Xss)
#   Set larger code cache with -XX:ReservedCodeCacheSize=
#   JVM is running with Unscaled Compressed Oops mode in which the Java heap is
#     placed in the first 4GB address space. The Java Heap base address is the
#     maximum limit for the native heap growth. Please use -XX:HeapBaseMinAddress
#     to set the Java Heap base and to place the Java Heap above 4GB virtual address.
# This output file may be truncated or incomplete.
#
#  Out of Memory Error (arena.cpp:191), pid=24556, tid=23268
#
# JRE version: OpenJDK Runtime Environment Temurin-17.0.9+9 (17.0.9+9) (build 17.0.9+9)
# Java VM: OpenJDK 64-Bit Server VM Temurin-17.0.9+9 (17.0.9+9, mixed mode, tiered, compressed oops, compressed class ptrs, parallel gc, windows-amd64)
# No core dump will be written. Minidumps are not enabled by default on client versions of Windows
#

---------------  S U M M A R Y ------------

Command Line: --add-modules=ALL-SYSTEM --add-opens=java.base/java.util=ALL-UNNAMED --add-opens=java.base/java.lang=ALL-UNNAMED --add-opens=java.base/sun.nio.fs=ALL-UNNAMED -Declipse.application=org.eclipse.jdt.ls.core.id1 -Dosgi.bundles.defaultStartLevel=4 -Declipse.product=org.eclipse.jdt.ls.core.product -Djava.import.generatesMetadataFilesAtProjectRoot=false -DDetectVMInstallationsJob.disabled=true -Dfile.encoding=utf8 -XX:+UseParallelGC -XX:GCTimeRatio=4 -XX:AdaptiveSizePolicyWeight=90 -Dsun.zip.disableMemoryMapping=true -Xmx1G -Xms100m -Xlog:disable -javaagent:c:\Users\asus\.vscode\extensions\redhat.java-1.25.1-win32-x64\lombok\lombok-1.18.30.jar c:\Users\asus\.vscode\extensions\redhat.java-1.25.1-win32-x64\server\plugins\org.eclipse.equinox.launcher_1.6.600.v20231106-1826.jar -configuration c:\Users\asus\AppData\Roaming\Code\User\globalStorage\redhat.java\1.25.1\config_ss_win -data c:\Users\asus\AppData\Roaming\Code\User\workspaceStorage\e052ef2cafdd40a97611dc4512488007\redhat.java\ss_ws --stdio

Host: 12th Gen Intel(R) Core(TM) i7-12700H, 20 cores, 31G,  Windows 11 , 64 bit Build 22621 (10.0.22621.2506)
Time: Tue Dec 26 22:46:34 2023 Hora est. Pacífico, Sudamérica elapsed time: 0.666109 seconds (0d 0h 0m 0s)

---------------  T H R E A D  ---------------

Current thread (0x00000260fc710220):  JavaThread "C2 CompilerThread2" daemon [_thread_in_native, id=23268, stack(0x000000be78800000,0x000000be78900000)]


Current CompileTask:
C2:    666 1150       4       jdk.internal.jimage.ImageLocation::verify (218 bytes)

Stack: [0x000000be78800000,0x000000be78900000]
Native frames: (J=compiled Java code, j=interpreted, Vv=VM code, C=native code)
V  [jvm.dll+0x67cf49]
V  [jvm.dll+0x83478a]
V  [jvm.dll+0x83624e]
V  [jvm.dll+0x8368b3]
V  [jvm.dll+0x247f1f]
V  [jvm.dll+0xac43c]
V  [jvm.dll+0xaca8c]
V  [jvm.dll+0x367067]
V  [jvm.dll+0x1bd536]
V  [jvm.dll+0x21a709]
V  [jvm.dll+0x2199d1]
V  [jvm.dll+0x1a57cd]
V  [jvm.dll+0x2297ae]
V  [jvm.dll+0x22797c]
V  [jvm.dll+0x7e9877]
V  [jvm.dll+0x7e3c3a]
V  [jvm.dll+0x67be35]
C  [ucrtbase.dll+0x29363]
C  [KERNEL32.DLL+0x1257d]
C  [ntdll.dll+0x5aa58]


---------------  P R O C E S S  ---------------

Threads class SMR info:
_java_thread_list=0x00000260ff20e720, length=17, elements={
0x00000260e34c1310, 0x00000260f7344020, 0x00000260e356b540, 0x00000260f734b2c0,
0x00000260f734dca0, 0x00000260f734e770, 0x00000260fc591410, 0x00000260fc591d90,
0x00000260fc597c60, 0x00000260fc598d50, 0x00000260fc6e7fe0, 0x00000260e3522c80,
0x00000260fc70fc50, 0x00000260fc710220, 0x00000260fecf5f50, 0x00000260fecf6470,
0x00000260fed665c0
}

Java Threads: ( => current thread )
  0x00000260e34c1310 JavaThread "main" [_thread_in_Java, id=27868, stack(0x000000be77900000,0x000000be77a00000)]
  0x00000260f7344020 JavaThread "Reference Handler" daemon [_thread_blocked, id=10684, stack(0x000000be77c00000,0x000000be77d00000)]
  0x00000260e356b540 JavaThread "Finalizer" daemon [_thread_blocked, id=7584, stack(0x000000be77d00000,0x000000be77e00000)]
  0x00000260f734b2c0 JavaThread "Signal Dispatcher" daemon [_thread_blocked, id=11396, stack(0x000000be77e00000,0x000000be77f00000)]
  0x00000260f734dca0 JavaThread "Attach Listener" daemon [_thread_blocked, id=13964, stack(0x000000be77f00000,0x000000be78000000)]
  0x00000260f734e770 JavaThread "Service Thread" daemon [_thread_blocked, id=24760, stack(0x000000be78000000,0x000000be78100000)]
  0x00000260fc591410 JavaThread "Monitor Deflation Thread" daemon [_thread_blocked, id=14952, stack(0x000000be78100000,0x000000be78200000)]
  0x00000260fc591d90 JavaThread "C2 CompilerThread0" daemon [_thread_blocked, id=19924, stack(0x000000be78200000,0x000000be78300000)]
  0x00000260fc597c60 JavaThread "C1 CompilerThread0" daemon [_thread_blocked, id=27752, stack(0x000000be78300000,0x000000be78400000)]
  0x00000260fc598d50 JavaThread "Sweeper thread" daemon [_thread_blocked, id=20760, stack(0x000000be78400000,0x000000be78500000)]
  0x00000260fc6e7fe0 JavaThread "Common-Cleaner" daemon [_thread_blocked, id=18100, stack(0x000000be78500000,0x000000be78600000)]
  0x00000260e3522c80 JavaThread "C1 CompilerThread1" daemon [_thread_blocked, id=11384, stack(0x000000be78600000,0x000000be78700000)]
  0x00000260fc70fc50 JavaThread "C2 CompilerThread1" daemon [_thread_blocked, id=19748, stack(0x000000be78700000,0x000000be78800000)]
=>0x00000260fc710220 JavaThread "C2 CompilerThread2" daemon [_thread_in_native, id=23268, stack(0x000000be78800000,0x000000be78900000)]
  0x00000260fecf5f50 JavaThread "C1 CompilerThread2" daemon [_thread_blocked, id=2216, stack(0x000000be78900000,0x000000be78a00000)]
  0x00000260fecf6470 JavaThread "C1 CompilerThread3" daemon [_thread_blocked, id=1296, stack(0x000000be78a00000,0x000000be78b00000)]
  0x00000260fed665c0 JavaThread "Notification Thread" daemon [_thread_blocked, id=8228, stack(0x000000be78b00000,0x000000be78c00000)]

Other Threads:
  0x00000260f732fd70 VMThread "VM Thread" [stack: 0x000000be77b00000,0x000000be77c00000] [id=24608]
  0x00000260fed66aa0 WatcherThread [stack: 0x000000be78c00000,0x000000be78d00000] [id=28020]
  0x00000260e34d7ca0 GCTaskThread "GC Thread#0" [stack: 0x000000be77a00000,0x000000be77b00000] [id=18644]
  0x0000026080158990 GCTaskThread "GC Thread#1" [stack: 0x000000be78e00000,0x000000be78f00000] [id=25900]
  0x0000026080158c50 GCTaskThread "GC Thread#2" [stack: 0x000000be78f00000,0x000000be79000000] [id=16924]
  0x00000260802898b0 GCTaskThread "GC Thread#3" [stack: 0x000000be79000000,0x000000be79100000] [id=11740]
  0x0000026080157d90 GCTaskThread "GC Thread#4" [stack: 0x000000be79100000,0x000000be79200000] [id=12224]
  0x0000026080158050 GCTaskThread "GC Thread#5" [stack: 0x000000be79200000,0x000000be79300000] [id=22852]

Threads with active compile tasks:
C2 CompilerThread2      677 1150       4       jdk.internal.jimage.ImageLocation::verify (218 bytes)

VM state: not at safepoint (normal execution)

VM Mutex/Monitor currently owned by a thread:  ([mutex/lock_event])
[0x00000260e34be000] MethodData_lock - owner thread: 0x0000000000000000

Heap address: 0x00000000c0000000, size: 1024 MB, Compressed Oops mode: 32-bit

CDS archive(s) not mapped
Compressed class space mapped at: 0x0000000100000000-0x0000000140000000, reserved size: 1073741824
Narrow klass base: 0x0000000000000000, Narrow klass shift: 3, Narrow klass range: 0x140000000

GC Precious Log:
 CPUs: 20 total, 20 available
 Memory: 32395M
 Large Page Support: Disabled
 NUMA Support: Disabled
 Compressed Oops: Enabled (32-bit)
 Alignments: Space 512K, Generation 512K, Heap 2M
 Heap Min Capacity: 100M
 Heap Initial Capacity: 100M
 Heap Max Capacity: 1G
 Pre-touch: Disabled
 Parallel Workers: 15

Heap:
 PSYoungGen      total 29696K, used 12483K [0x00000000eab00000, 0x00000000ecc00000, 0x0000000100000000)
  eden space 25600K, 36% used [0x00000000eab00000,0x00000000eb42c570,0x00000000ec400000)
  from space 4096K, 75% used [0x00000000ec400000,0x00000000ec704848,0x00000000ec800000)
  to   space 4096K, 0% used [0x00000000ec800000,0x00000000ec800000,0x00000000ecc00000)
 ParOldGen       total 68608K, used 16K [0x00000000c0000000, 0x00000000c4300000, 0x00000000eab00000)
  object space 68608K, 0% used [0x00000000c0000000,0x00000000c0004000,0x00000000c4300000)
 Metaspace       used 12163K, committed 12288K, reserved 1114112K
  class space    used 1195K, committed 1280K, reserved 1048576K

Card table byte_map: [0x00000260e2e50000,0x00000260e3060000] _byte_map_base: 0x00000260e2850000

Marking Bits: (ParMarkBitMap*) 0x00007ff9b70cd0b0
 Begin Bits: [0x00000260f5150000, 0x00000260f6150000)
 End Bits:   [0x00000260f6150000, 0x00000260f7150000)

Polling page: 0x00000260e1420000

Metaspace:

Usage:
  Non-class:     10.71 MB used.
      Class:      1.17 MB used.
       Both:     11.88 MB used.

Virtual space:
  Non-class space:       64.00 MB reserved,      10.75 MB ( 17%) committed,  1 nodes.
      Class space:        1.00 GB reserved,       1.25 MB ( <1%) committed,  1 nodes.
             Both:        1.06 GB reserved,      12.00 MB (  1%) committed. 

Chunk freelists:
   Non-Class:  4.38 MB
       Class:  14.61 MB
        Both:  18.98 MB

MaxMetaspaceSize: unlimited
CompressedClassSpaceSize: 1.00 GB
Initial GC threshold: 21.00 MB
Current GC threshold: 21.00 MB
CDS: off
MetaspaceReclaimPolicy: balanced
 - commit_granule_bytes: 65536.
 - commit_granule_words: 8192.
 - virtual_space_node_default_size: 8388608.
 - enlarge_chunks_in_place: 1.
 - new_chunks_are_fully_committed: 0.
 - uncommit_free_chunks: 1.
 - use_allocation_guard: 0.
 - handle_deallocations: 1.


Internal statistics:

num_allocs_failed_limit: 0.
num_arena_births: 30.
num_arena_deaths: 0.
num_vsnodes_births: 2.
num_vsnodes_deaths: 0.
num_space_committed: 192.
num_space_uncommitted: 0.
num_chunks_returned_to_freelist: 0.
num_chunks_taken_from_freelist: 137.
num_chunk_merges: 0.
num_chunk_splits: 95.
num_chunks_enlarged: 83.
num_inconsistent_stats: 0.

CodeHeap 'non-profiled nmethods': size=119168Kb used=470Kb max_used=470Kb free=118697Kb
 bounds [0x00000260edcf0000, 0x00000260edf60000, 0x00000260f5150000]
CodeHeap 'profiled nmethods': size=119104Kb used=2108Kb max_used=2108Kb free=116995Kb
 bounds [0x00000260e6150000, 0x00000260e63c0000, 0x00000260ed5a0000]
CodeHeap 'non-nmethods': size=7488Kb used=2834Kb max_used=2858Kb free=4653Kb
 bounds [0x00000260ed5a0000, 0x00000260ed870000, 0x00000260edcf0000]
 total_blobs=1608 nmethods=1167 adapters=353
 compilation: enabled
              stopped_count=0, restarted_count=0
 full_count=0

Compilation events (20 events):
Event: 0.639 Thread 0x00000260e3522c80 nmethod 1148 0x00000260e6351b90 code [0x00000260e6351d60, 0x00000260e63522c8]
Event: 0.640 Thread 0x00000260fecf6470 nmethod 1144 0x00000260e6352610 code [0x00000260e6352a40, 0x00000260e6354ac8]
Event: 0.643 Thread 0x00000260fecf5f50 1149       3       org.lombokweb.asm.ClassReader::readUnsignedShort (26 bytes)
Event: 0.644 Thread 0x00000260fecf5f50 nmethod 1149 0x00000260e6355710 code [0x00000260e63558a0, 0x00000260e6355a18]
Event: 0.645 Thread 0x00000260fc710220 1150       4       jdk.internal.jimage.ImageLocation::verify (218 bytes)
Event: 0.648 Thread 0x00000260fecf6470 1151       3       java.lang.ClassLoader::getNamedPackage (73 bytes)
Event: 0.648 Thread 0x00000260fecf6470 nmethod 1151 0x00000260e6355b10 code [0x00000260e6355d00, 0x00000260e6356248]
Event: 0.649 Thread 0x00000260fc70fc50 nmethod 1108 0x00000260edd5f890 code [0x00000260edd5fae0, 0x00000260edd616c0]
Event: 0.654 Thread 0x00000260fecf5f50 1152       3       sun.net.util.URLUtil::urlNoFragString (114 bytes)
Event: 0.655 Thread 0x00000260fecf5f50 nmethod 1152 0x00000260e6356410 code [0x00000260e6356740, 0x00000260e6357788]
Event: 0.656 Thread 0x00000260fecf6470 1153       1       java.net.JarURLConnection::getJarFileURL (5 bytes)
Event: 0.657 Thread 0x00000260fecf6470 nmethod 1153 0x00000260edd62610 code [0x00000260edd627a0, 0x00000260edd62878]
Event: 0.657 Thread 0x00000260fc70fc50 1154       4       java.net.URI::match (56 bytes)
Event: 0.658 Thread 0x00000260fc70fc50 nmethod 1154 0x00000260edd62910 code [0x00000260edd62a80, 0x00000260edd62b58]
Event: 0.660 Thread 0x00000260e3522c80 1155       3       java.net.URI::quote (214 bytes)
Event: 0.661 Thread 0x00000260fecf5f50 1156       3       java.io.File::isDirectory (34 bytes)
Event: 0.661 Thread 0x00000260e3522c80 nmethod 1155 0x00000260e6357d90 code [0x00000260e6358160, 0x00000260e6359a38]
Event: 0.662 Thread 0x00000260fecf5f50 nmethod 1156 0x00000260e635a410 code [0x00000260e635a600, 0x00000260e635ab28]
Event: 0.663 Thread 0x00000260fecf6470 1157       3       java.util.WeakHashMap::get (75 bytes)
Event: 0.663 Thread 0x00000260fecf6470 nmethod 1157 0x00000260e635ad10 code [0x00000260e635af40, 0x00000260e635b7d8]

GC Heap History (2 events):
Event: 0.502 GC heap before
{Heap before GC invocations=1 (full 0):
 PSYoungGen      total 29696K, used 25600K [0x00000000eab00000, 0x00000000ecc00000, 0x0000000100000000)
  eden space 25600K, 100% used [0x00000000eab00000,0x00000000ec400000,0x00000000ec400000)
  from space 4096K, 0% used [0x00000000ec800000,0x00000000ec800000,0x00000000ecc00000)
  to   space 4096K, 0% used [0x00000000ec400000,0x00000000ec400000,0x00000000ec800000)
 ParOldGen       total 68608K, used 0K [0x00000000c0000000, 0x00000000c4300000, 0x00000000eab00000)
  object space 68608K, 0% used [0x00000000c0000000,0x00000000c0000000,0x00000000c4300000)
 Metaspace       used 10638K, committed 10816K, reserved 1114112K
  class space    used 1061K, committed 1152K, reserved 1048576K
}
Event: 0.507 GC heap after
{Heap after GC invocations=1 (full 0):
 PSYoungGen      total 29696K, used 3090K [0x00000000eab00000, 0x00000000ecc00000, 0x0000000100000000)
  eden space 25600K, 0% used [0x00000000eab00000,0x00000000eab00000,0x00000000ec400000)
  from space 4096K, 75% used [0x00000000ec400000,0x00000000ec704848,0x00000000ec800000)
  to   space 4096K, 0% used [0x00000000ec800000,0x00000000ec800000,0x00000000ecc00000)
 ParOldGen       total 68608K, used 16K [0x00000000c0000000, 0x00000000c4300000, 0x00000000eab00000)
  object space 68608K, 0% used [0x00000000c0000000,0x00000000c0004000,0x00000000c4300000)
 Metaspace       used 10638K, committed 10816K, reserved 1114112K
  class space    used 1061K, committed 1152K, reserved 1048576K
}

Dll operation events (8 events):
Event: 0.007 Loaded shared library c:\Users\asus\.vscode\extensions\redhat.java-1.25.1-win32-x64\jre\17.0.9-win32-x86_64\bin\java.dll
Event: 0.096 Loaded shared library c:\Users\asus\.vscode\extensions\redhat.java-1.25.1-win32-x64\jre\17.0.9-win32-x86_64\bin\zip.dll
Event: 0.099 Loaded shared library C:\Users\asus\.vscode\extensions\redhat.java-1.25.1-win32-x64\jre\17.0.9-win32-x86_64\bin\instrument.dll
Event: 0.111 Loaded shared library C:\Users\asus\.vscode\extensions\redhat.java-1.25.1-win32-x64\jre\17.0.9-win32-x86_64\bin\net.dll
Event: 0.113 Loaded shared library C:\Users\asus\.vscode\extensions\redhat.java-1.25.1-win32-x64\jre\17.0.9-win32-x86_64\bin\nio.dll
Event: 0.119 Loaded shared library C:\Users\asus\.vscode\extensions\redhat.java-1.25.1-win32-x64\jre\17.0.9-win32-x86_64\bin\zip.dll
Event: 0.132 Loaded shared library C:\Users\asus\.vscode\extensions\redhat.java-1.25.1-win32-x64\jre\17.0.9-win32-x86_64\bin\jimage.dll
Event: 0.173 Loaded shared library c:\Users\asus\.vscode\extensions\redhat.java-1.25.1-win32-x64\jre\17.0.9-win32-x86_64\bin\verify.dll

Deoptimization events (20 events):
Event: 0.491 Thread 0x00000260e34c1310 DEOPT PACKING pc=0x00000260edd2a268 sp=0x000000be779fe310
Event: 0.491 Thread 0x00000260e34c1310 DEOPT UNPACKING pc=0x00000260ed5f66a3 sp=0x000000be779fe258 mode 2
Event: 0.491 Thread 0x00000260e34c1310 Uncommon trap: trap_request=0xffffff45 fr.pc=0x00000260edd34394 relative=0x0000000000000094
Event: 0.491 Thread 0x00000260e34c1310 Uncommon trap: reason=unstable_if action=reinterpret pc=0x00000260edd34394 method=java.util.HashMap.hash(Ljava/lang/Object;)I @ 1 c2
Event: 0.491 Thread 0x00000260e34c1310 DEOPT PACKING pc=0x00000260edd34394 sp=0x000000be779fe1c0
Event: 0.491 Thread 0x00000260e34c1310 DEOPT UNPACKING pc=0x00000260ed5f66a3 sp=0x000000be779fe158 mode 2
Event: 0.637 Thread 0x00000260e34c1310 Uncommon trap: trap_request=0xffffff45 fr.pc=0x00000260edd2f364 relative=0x0000000000000fa4
Event: 0.637 Thread 0x00000260e34c1310 Uncommon trap: reason=unstable_if action=reinterpret pc=0x00000260edd2f364 method=lombok.patcher.PatchScript.classMatches(Ljava/lang/String;Ljava/util/Collection;)Z @ 25 c2
Event: 0.637 Thread 0x00000260e34c1310 DEOPT PACKING pc=0x00000260edd2f364 sp=0x000000be779f84f0
Event: 0.637 Thread 0x00000260e34c1310 DEOPT UNPACKING pc=0x00000260ed5f66a3 sp=0x000000be779f8458 mode 2
Event: 0.638 Thread 0x00000260e34c1310 DEOPT PACKING pc=0x00000260e61c4f45 sp=0x000000be779f7990
Event: 0.638 Thread 0x00000260e34c1310 DEOPT UNPACKING pc=0x00000260ed5f6e43 sp=0x000000be779f6e40 mode 0
Event: 0.651 Thread 0x00000260e34c1310 DEOPT PACKING pc=0x00000260e61c4f45 sp=0x000000be779f3d70
Event: 0.651 Thread 0x00000260e34c1310 DEOPT UNPACKING pc=0x00000260ed5f6e43 sp=0x000000be779f3220 mode 0
Event: 0.655 Thread 0x00000260e34c1310 DEOPT PACKING pc=0x00000260e61c4f45 sp=0x000000be779f3d70
Event: 0.655 Thread 0x00000260e34c1310 DEOPT UNPACKING pc=0x00000260ed5f6e43 sp=0x000000be779f3220 mode 0
Event: 0.658 Thread 0x00000260e34c1310 DEOPT PACKING pc=0x00000260e61c4f45 sp=0x000000be779f3d70
Event: 0.658 Thread 0x00000260e34c1310 DEOPT UNPACKING pc=0x00000260ed5f6e43 sp=0x000000be779f3220 mode 0
Event: 0.662 Thread 0x00000260e34c1310 DEOPT PACKING pc=0x00000260e61c4f45 sp=0x000000be779f78a0
Event: 0.662 Thread 0x00000260e34c1310 DEOPT UNPACKING pc=0x00000260ed5f6e43 sp=0x000000be779f6d50 mode 0

Classes unloaded (0 events):
No events

Classes redefined (0 events):
No events

Internal exceptions (20 events):
Event: 0.345 Thread 0x00000260e34c1310 Exception <a 'java/io/FileNotFoundException'{0x00000000eb9e5188}> (0x00000000eb9e5188) 
thrown [s\src\hotspot\share\prims\jni.cpp, line 516]
Event: 0.345 Thread 0x00000260e34c1310 Exception <a 'java/io/FileNotFoundException'{0x00000000eb9e5eb0}> (0x00000000eb9e5eb0) 
thrown [s\src\hotspot\share\prims\jni.cpp, line 516]
Event: 0.345 Thread 0x00000260e34c1310 Exception <a 'java/io/FileNotFoundException'{0x00000000eb9e6ba8}> (0x00000000eb9e6ba8) 
thrown [s\src\hotspot\share\prims\jni.cpp, line 516]
Event: 0.349 Thread 0x00000260e34c1310 Implicit null exception at 0x00000260edd149f2 to 0x00000260edd14f18
Event: 0.351 Thread 0x00000260e34c1310 Exception <a 'java/io/FileNotFoundException'{0x00000000eba21618}> (0x00000000eba21618) 
thrown [s\src\hotspot\share\prims\jni.cpp, line 516]
Event: 0.465 Thread 0x00000260e34c1310 Exception <a 'java/lang/ClassNotFoundException'{0x00000000ec2293f0}: sun/net/www/protocol/c/Handler> (0x00000000ec2293f0) 
thrown [s\src\hotspot\share\classfile\systemDictionary.cpp, line 256]
Event: 0.465 Thread 0x00000260e34c1310 Exception <a 'java/lang/ClassNotFoundException'{0x00000000ec22a7a8}: sun/net/www/protocol/c/Handler> (0x00000000ec22a7a8) 
thrown [s\src\hotspot\share\classfile\systemDictionary.cpp, line 256]
Event: 0.465 Thread 0x00000260e34c1310 Exception <a 'java/lang/ClassNotFoundException'{0x00000000ec22b9e8}: sun/net/www/protocol/c/Handler> (0x00000000ec22b9e8) 
thrown [s\src\hotspot\share\classfile\systemDictionary.cpp, line 256]
Event: 0.470 Thread 0x00000260e34c1310 Exception <a 'java/io/FileNotFoundException'{0x00000000ec24a7c0}> (0x00000000ec24a7c0) 
thrown [s\src\hotspot\share\prims\jni.cpp, line 516]
Event: 0.490 Thread 0x00000260e34c1310 Implicit null exception at 0x00000260edd4f47b to 0x00000260edd4fe00
Event: 0.490 Thread 0x00000260e34c1310 Implicit null exception at 0x00000260edd389ec to 0x00000260edd38bcc
Event: 0.490 Thread 0x00000260e34c1310 Implicit null exception at 0x00000260edd4ed6c to 0x00000260edd4ef44
Event: 0.491 Thread 0x00000260e34c1310 Implicit null exception at 0x00000260edd3430f to 0x00000260edd34385
Event: 0.540 Thread 0x00000260e34c1310 Exception <a 'java/lang/NoSuchMethodError'{0x00000000eac9fd68}: 'int java.lang.invoke.DirectMethodHandle$Holder.invokeStaticInit(java.lang.Object, java.lang.Object, java.lang.Object, java.lang.Object)'> (0x00000000eac9fd68) 
thrown [s\src\hotspot\share\interpreter\linkResolver.cpp, line 759]
Event: 0.542 Thread 0x00000260e34c1310 Exception <a 'java/lang/NoSuchMethodError'{0x00000000eacaa4e0}: 'java.lang.Object java.lang.invoke.DirectMethodHandle$Holder.invokeInterface(java.lang.Object, java.lang.Object)'> (0x00000000eacaa4e0) 
thrown [s\src\hotspot\share\interpreter\linkResolver.cpp, line 759]
Event: 0.542 Thread 0x00000260e34c1310 Exception <a 'java/lang/IncompatibleClassChangeError'{0x00000000eacadcd8}: Found class java.lang.Object, but interface was expected> (0x00000000eacadcd8) 
thrown [s\src\hotspot\share\interpreter\linkResolver.cpp, line 826]
Event: 0.545 Thread 0x00000260e34c1310 Exception <a 'java/lang/NoSuchMethodError'{0x00000000eacb21d0}: 'void java.lang.invoke.DirectMethodHandle$Holder.invokeStatic(java.lang.Object, java.lang.Object)'> (0x00000000eacb21d0) 
thrown [s\src\hotspot\share\interpreter\linkResolver.cpp, line 759]
Event: 0.545 Thread 0x00000260e34c1310 Exception <a 'java/lang/NoSuchMethodError'{0x00000000eacb59d0}: 'void java.lang.invoke.DirectMethodHandle$Holder.invokeStaticInit(java.lang.Object, java.lang.Object)'> (0x00000000eacb59d0) 
thrown [s\src\hotspot\share\interpreter\linkResolver.cpp, line 759]
Event: 0.547 Thread 0x00000260e34c1310 Exception <a 'java/lang/NoSuchMethodError'{0x00000000eacbcee8}: 'int java.lang.invoke.DirectMethodHandle$Holder.invokeStaticInit(java.lang.Object, java.lang.Object)'> (0x00000000eacbcee8) 
thrown [s\src\hotspot\share\interpreter\linkResolver.cpp, line 759]
Event: 0.590 Thread 0x00000260e34c1310 Exception <a 'java/lang/NoSuchMethodError'{0x00000000eade49d8}: 'void java.lang.invoke.DirectMethodHandle$Holder.invokeSpecial(java.lang.Object, java.lang.Object, java.lang.Object)'> (0x00000000eade49d8) 
thrown [s\src\hotspot\share\interpreter\linkResolver.cpp, line 759]

VM Operations (14 events):
Event: 0.085 Executing VM operation: HandshakeAllThreads
Event: 0.085 Executing VM operation: HandshakeAllThreads done
Event: 0.143 Executing VM operation: HandshakeAllThreads
Event: 0.143 Executing VM operation: HandshakeAllThreads done
Event: 0.328 Executing VM operation: HandshakeAllThreads
Event: 0.328 Executing VM operation: HandshakeAllThreads done
Event: 0.339 Executing VM operation: HandshakeAllThreads
Event: 0.339 Executing VM operation: HandshakeAllThreads done
Event: 0.454 Executing VM operation: HandshakeAllThreads
Event: 0.454 Executing VM operation: HandshakeAllThreads done
Event: 0.474 Executing VM operation: ICBufferFull
Event: 0.474 Executing VM operation: ICBufferFull done
Event: 0.502 Executing VM operation: ParallelGCFailedAllocation
Event: 0.507 Executing VM operation: ParallelGCFailedAllocation done

Events (20 events):
Event: 0.609 loading class java/util/concurrent/LinkedBlockingQueue$Node
Event: 0.609 loading class java/util/concurrent/LinkedBlockingQueue$Node done
Event: 0.617 loading class java/util/concurrent/Semaphore$NonfairSync
Event: 0.617 loading class java/util/concurrent/Semaphore$Sync
Event: 0.617 loading class java/util/concurrent/Semaphore$Sync done
Event: 0.617 loading class java/util/concurrent/Semaphore$NonfairSync done
Event: 0.636 loading class java/security/InvalidKeyException
Event: 0.636 loading class java/security/KeyException
Event: 0.636 loading class java/security/KeyException done
Event: 0.636 loading class java/security/InvalidKeyException done
Event: 0.636 loading class java/security/SignatureException
Event: 0.636 loading class java/security/SignatureException done
Event: 0.636 loading class java/security/cert/CertificateException
Event: 0.636 loading class java/security/cert/CertificateException done
Event: 0.636 loading class java/security/NoSuchAlgorithmException
Event: 0.636 loading class java/security/NoSuchAlgorithmException done
Event: 0.636 loading class java/security/NoSuchProviderException
Event: 0.636 loading class java/security/NoSuchProviderException done
Event: 0.646 loading class java/lang/TypeNotPresentException
Event: 0.646 loading class java/lang/TypeNotPresentException done


Dynamic libraries:
0x00007ff76c220000 - 0x00007ff76c22e000 	c:\Users\asus\.vscode\extensions\redhat.java-1.25.1-win32-x64\jre\17.0.9-win32-x86_64\bin\java.exe
0x00007ffa336b0000 - 0x00007ffa338c7000 	C:\Windows\SYSTEM32\ntdll.dll
0x00007ffa31c70000 - 0x00007ffa31d34000 	C:\Windows\System32\KERNEL32.DLL
0x00007ffa30be0000 - 0x00007ffa30f86000 	C:\Windows\System32\KERNELBASE.dll
0x00007ffa310c0000 - 0x00007ffa311d1000 	C:\Windows\System32\ucrtbase.dll
0x00007ffa19810000 - 0x00007ffa19827000 	c:\Users\asus\.vscode\extensions\redhat.java-1.25.1-win32-x64\jre\17.0.9-win32-x86_64\bin\jli.dll
0x00007ffa187c0000 - 0x00007ffa187db000 	c:\Users\asus\.vscode\extensions\redhat.java-1.25.1-win32-x64\jre\17.0.9-win32-x86_64\bin\VCRUNTIME140.dll
0x00007ffa31a70000 - 0x00007ffa31c1e000 	C:\Windows\System32\USER32.dll
0x00007ffa30a90000 - 0x00007ffa30ab6000 	C:\Windows\System32\win32u.dll
0x00007ffa327c0000 - 0x00007ffa327e9000 	C:\Windows\System32\GDI32.dll
0x00007ffa25430000 - 0x00007ffa256c3000 	C:\Windows\WinSxS\amd64_microsoft.windows.common-controls_6595b64144ccf1df_6.0.22621.2506_none_270c5ae97388e100\COMCTL32.dll
0x00007ffa30ac0000 - 0x00007ffa30bd8000 	C:\Windows\System32\gdi32full.dll
0x00007ffa32f00000 - 0x00007ffa32fa7000 	C:\Windows\System32\msvcrt.dll
0x00007ffa309f0000 - 0x00007ffa30a8a000 	C:\Windows\System32\msvcp_win.dll
0x00007ffa32eb0000 - 0x00007ffa32ee1000 	C:\Windows\System32\IMM32.DLL
0x00007ffa1f910000 - 0x00007ffa1f91c000 	c:\Users\asus\.vscode\extensions\redhat.java-1.25.1-win32-x64\jre\17.0.9-win32-x86_64\bin\vcruntime140_1.dll
0x00007ff9eab80000 - 0x00007ff9eac0d000 	c:\Users\asus\.vscode\extensions\redhat.java-1.25.1-win32-x64\jre\17.0.9-win32-x86_64\bin\msvcp140.dll
0x00007ff9b6530000 - 0x00007ff9b7191000 	c:\Users\asus\.vscode\extensions\redhat.java-1.25.1-win32-x64\jre\17.0.9-win32-x86_64\bin\server\jvm.dll
0x00007ffa32b40000 - 0x00007ffa32bf1000 	C:\Windows\System32\ADVAPI32.dll
0x00007ffa33470000 - 0x00007ffa33515000 	C:\Windows\System32\sechost.dll
0x00007ffa33520000 - 0x00007ffa33637000 	C:\Windows\System32\RPCRT4.dll
0x00007ffa2f840000 - 0x00007ffa2f88d000 	C:\Windows\SYSTEM32\POWRPROF.dll
0x00007ffa0e720000 - 0x00007ffa0e729000 	C:\Windows\SYSTEM32\WSOCK32.dll
0x00007ffa33060000 - 0x00007ffa330d1000 	C:\Windows\System32\WS2_32.dll
0x00007ffa27cf0000 - 0x00007ffa27d24000 	C:\Windows\SYSTEM32\WINMM.dll
0x00007ffa20e70000 - 0x00007ffa20e7a000 	C:\Windows\SYSTEM32\VERSION.dll
0x00007ffa2f820000 - 0x00007ffa2f833000 	C:\Windows\SYSTEM32\UMPDC.dll
0x00007ffa2fa80000 - 0x00007ffa2fa98000 	C:\Windows\SYSTEM32\kernel.appcore.dll
0x00007ffa1f370000 - 0x00007ffa1f37a000 	c:\Users\asus\.vscode\extensions\redhat.java-1.25.1-win32-x64\jre\17.0.9-win32-x86_64\bin\jimage.dll
0x00007ffa2e1f0000 - 0x00007ffa2e423000 	C:\Windows\SYSTEM32\DBGHELP.DLL
0x00007ffa330e0000 - 0x00007ffa33469000 	C:\Windows\System32\combase.dll
0x00007ffa32a30000 - 0x00007ffa32b07000 	C:\Windows\System32\OLEAUT32.dll
0x00007ffa0b3f0000 - 0x00007ffa0b422000 	C:\Windows\SYSTEM32\dbgcore.DLL
0x00007ffa31350000 - 0x00007ffa313ca000 	C:\Windows\System32\bcryptPrimitives.dll
0x00007ffa1ed00000 - 0x00007ffa1ed0e000 	c:\Users\asus\.vscode\extensions\redhat.java-1.25.1-win32-x64\jre\17.0.9-win32-x86_64\bin\instrument.dll
0x00007ffa18f40000 - 0x00007ffa18f65000 	c:\Users\asus\.vscode\extensions\redhat.java-1.25.1-win32-x64\jre\17.0.9-win32-x86_64\bin\java.dll
0x00007ffa1cf00000 - 0x00007ffa1cf18000 	c:\Users\asus\.vscode\extensions\redhat.java-1.25.1-win32-x64\jre\17.0.9-win32-x86_64\bin\zip.dll
0x00007ffa31d40000 - 0x00007ffa3259a000 	C:\Windows\System32\SHELL32.dll
0x00007ffa2e8e0000 - 0x00007ffa2f1d6000 	C:\Windows\SYSTEM32\windows.storage.dll
0x00007ffa2e7a0000 - 0x00007ffa2e8de000 	C:\Windows\SYSTEM32\wintypes.dll
0x00007ffa31860000 - 0x00007ffa31953000 	C:\Windows\System32\SHCORE.dll
0x00007ffa31960000 - 0x00007ffa319be000 	C:\Windows\System32\shlwapi.dll
0x00007ffa30920000 - 0x00007ffa30946000 	C:\Windows\SYSTEM32\profapi.dll
0x00007ffa18730000 - 0x00007ffa18749000 	C:\Users\asus\.vscode\extensions\redhat.java-1.25.1-win32-x64\jre\17.0.9-win32-x86_64\bin\net.dll
0x00007ffa2a8e0000 - 0x00007ffa2aa17000 	C:\Windows\SYSTEM32\WINHTTP.dll
0x00007ffa2ff60000 - 0x00007ffa2ffc9000 	C:\Windows\system32\mswsock.dll
0x00007ffa18710000 - 0x00007ffa18726000 	C:\Users\asus\.vscode\extensions\redhat.java-1.25.1-win32-x64\jre\17.0.9-win32-x86_64\bin\nio.dll
0x00007ffa1ec20000 - 0x00007ffa1ec30000 	c:\Users\asus\.vscode\extensions\redhat.java-1.25.1-win32-x64\jre\17.0.9-win32-x86_64\bin\verify.dll

dbghelp: loaded successfully - version: 4.0.5 - missing functions: none
symbol engine: initialized successfully - sym options: 0x614 - pdb path: .;c:\Users\asus\.vscode\extensions\redhat.java-1.25.1-win32-x64\jre\17.0.9-win32-x86_64\bin;C:\Windows\SYSTEM32;C:\Windows\WinSxS\amd64_microsoft.windows.common-controls_6595b64144ccf1df_6.0.22621.2506_none_270c5ae97388e100;c:\Users\asus\.vscode\extensions\redhat.java-1.25.1-win32-x64\jre\17.0.9-win32-x86_64\bin\server

VM Arguments:
jvm_args: --add-modules=ALL-SYSTEM --add-opens=java.base/java.util=ALL-UNNAMED --add-opens=java.base/java.lang=ALL-UNNAMED --add-opens=java.base/sun.nio.fs=ALL-UNNAMED -Declipse.application=org.eclipse.jdt.ls.core.id1 -Dosgi.bundles.defaultStartLevel=4 -Declipse.product=org.eclipse.jdt.ls.core.product -Djava.import.generatesMetadataFilesAtProjectRoot=false -DDetectVMInstallationsJob.disabled=true -Dfile.encoding=utf8 -XX:+UseParallelGC -XX:GCTimeRatio=4 -XX:AdaptiveSizePolicyWeight=90 -Dsun.zip.disableMemoryMapping=true -Xmx1G -Xms100m -Xlog:disable -javaagent:c:\Users\asus\.vscode\extensions\redhat.java-1.25.1-win32-x64\lombok\lombok-1.18.30.jar 
java_command: c:\Users\asus\.vscode\extensions\redhat.java-1.25.1-win32-x64\server\plugins\org.eclipse.equinox.launcher_1.6.600.v20231106-1826.jar -configuration c:\Users\asus\AppData\Roaming\Code\User\globalStorage\redhat.java\1.25.1\config_ss_win -data c:\Users\asus\AppData\Roaming\Code\User\workspaceStorage\e052ef2cafdd40a97611dc4512488007\redhat.java\ss_ws --stdio
java_class_path (initial): c:\Users\asus\.vscode\extensions\redhat.java-1.25.1-win32-x64\server\plugins\org.eclipse.equinox.launcher_1.6.600.v20231106-1826.jar
Launcher Type: SUN_STANDARD

[Global flags]
    uintx AdaptiveSizePolicyWeight                 = 90                                        {product} {command line}
     intx CICompilerCount                          = 12                                        {product} {ergonomic}
    uintx GCTimeRatio                              = 4                                         {product} {command line}
   size_t InitialHeapSize                          = 104857600                                 {product} {command line}
   size_t MaxHeapSize                              = 1073741824                                {product} {command line}
   size_t MaxNewSize                               = 357564416                                 {product} {ergonomic}
   size_t MinHeapDeltaBytes                        = 524288                                    {product} {ergonomic}
   size_t MinHeapSize                              = 104857600                                 {product} {command line}
   size_t NewSize                                  = 34603008                                  {product} {ergonomic}
    uintx NonNMethodCodeHeapSize                   = 7602480                                {pd product} {ergonomic}
    uintx NonProfiledCodeHeapSize                  = 122027880                              {pd product} {ergonomic}
   size_t OldSize                                  = 70254592                                  {product} {ergonomic}
    uintx ProfiledCodeHeapSize                     = 122027880                              {pd product} {ergonomic}
    uintx ReservedCodeCacheSize                    = 251658240                              {pd product} {ergonomic}
     bool SegmentedCodeCache                       = true                                      {product} {ergonomic}
   size_t SoftMaxHeapSize                          = 1073741824                             {manageable} {ergonomic}
     bool UseCompressedClassPointers               = true                           {product lp64_product} {ergonomic}
     bool UseCompressedOops                        = true                           {product lp64_product} {ergonomic}
     bool UseLargePagesIndividualAllocation        = false                                  {pd product} {ergonomic}
     bool UseParallelGC                            = true                                      {product} {command line}

Logging:
Log output configuration:
 #0: stdout all=off uptime,level,tags
 #1: stderr all=off uptime,level,tags

Environment Variables:
JAVA_HOME=C:\Program Files\Java\jdk-17
PATH=C:\Program Files\NVIDIA GPU Computing Toolkit\CUDA\v12.3\bin;C:\Program Files\NVIDIA GPU Computing Toolkit\CUDA\v12.3\libnvvp;C:\Python312\Scripts\;C:\Python312\;C:\Program Files\Java\jdk-17\bin;C:\Windows\system32;C:\Windows;C:\Windows\System32\Wbem;C:\Windows\System32\WindowsPowerShell\v1.0\;C:\Windows\System32\OpenSSH\;C:\Program Files (x86)\NVIDIA Corporation\PhysX\Common;C:\Program Files\NVIDIA Corporation\NVIDIA NvDLISR;C:\Program Files\dotnet\;C:\Program Files\Git\cmd;C:\Program Files\nodejs\;C:\ProgramData\chocolatey\bin;C:\Program Files (x86)\Microsoft SQL Server\160\Tools\Binn\;C:\Program Files\Microsoft SQL Server\160\Tools\Binn\;C:\Program Files\Microsoft SQL Server\Client SDK\ODBC\170\Tools\Binn\;C:\Program Files\Microsoft SQL Server\160\DTS\Binn\;C:\Program Files (x86)\Microsoft SQL Server\160\DTS\Binn\;C:\Program Files\Azure Data Studio\bin;C:\Program Files\NVIDIA Corporation\Nsight Compute 2023.3.1\;C:\xampp\php;C:\composer;C:\Apache\Maven\apache-maven-3.9.6\bin;C:\Program Files\Java\jdk-17\bin;C:\Users\asus\AppData\Local\Microsoft\WindowsApps;C:\Users\asus\AppData\Local\Programs\Microsoft VS Code\bin;C:\Users\asus\AppData\Roaming\npm;C:\Program Files\Azure Data Studio\bin;C:\Users\asus\AppData\Roaming\Composer\vendor\bin;C:\Users\asus\.dotnet\tools
USERNAME=asus
OS=Windows_NT
PROCESSOR_IDENTIFIER=Intel64 Family 6 Model 154 Stepping 3, GenuineIntel
TMP=C:\Users\asus\AppData\Local\Temp
TEMP=C:\Users\asus\AppData\Local\Temp



Periodic native trim disabled


---------------  S Y S T E M  ---------------

OS:
 Windows 11 , 64 bit Build 22621 (10.0.22621.2506)
OS uptime: 1 days 23:16 hours
Hyper-V role detected

CPU: total 20 (initial active 20) (10 cores per cpu, 2 threads per core) family 6 model 154 stepping 3 microcode 0x421, cx8, cmov, fxsr, ht, mmx, 3dnowpref, sse, sse2, sse3, ssse3, sse4.1, sse4.2, popcnt, lzcnt, tsc, tscinvbit, avx, avx2, aes, erms, clmul, bmi1, bmi2, adx, sha, fma, vzeroupper, clflush, clflushopt, clwb, hv
Processor Information for all 20 processors :
  Max Mhz: 2300, Current Mhz: 2300, Mhz Limit: 2300

Memory: 4k page, system-wide physical 32395M (18118M free)
TotalPageFile size 130699M (AvailPageFile size 5M)
current process WorkingSet (physical memory assigned to process): 81M, peak: 82M
current process commit charge ("private bytes"): 226M, peak: 227M

vm_info: OpenJDK 64-Bit Server VM (17.0.9+9) for windows-amd64 JRE (17.0.9+9), built on Oct 26 2023 14:01:42 by "admin" with MS VC++ 16.10 / 16.11 (VS2019)

END.
